# JRE version: OpenJDK Runtime Environment Temurin-17.0.7+7 (17.0.7+7) (build 17.0.7+7)
# Java VM: OpenJDK 64-Bit Server VM Temurin-17.0.7+7 (17.0.7+7, mixed mode, tiered, compressed oops, compressed class ptrs, g1 gc, windows-amd64)
GC Precious Log:
 CPUs: 4 total, 4 available
 Memory: 7934M
 Large Page Support: Disabled
 NUMA Support: Disabled
 Compressed Oops: Enabled (32-bit)
 Heap Region Size: 1M
 Heap Min Capacity: 8M
 Heap Initial Capacity: 124M
 Heap Max Capacity: 1984M
 Pre-touch: Disabled
 Parallel Workers: 4
 Concurrent Workers: 1
 Concurrent Refinement Workers: 4
 Periodic GC: Disabled
Heap:
 garbage-first heap   total 64512K, used 32213K [0x0000000084000000, 0x0000000100000000)
  region size 1024K, 5 young (5120K), 1 survivors (1024K)
 Metaspace       used 81348K, committed 81920K, reserved 1179648K
  class space    used 10091K, committed 10368K, reserved 1048576K
GC Heap History (20 events):
Event: 21564.731 GC heap before
{Heap before GC invocations=156 (full 0):
 garbage-first heap   total 64512K, used 53780K [0x0000000084000000, 0x0000000100000000)
  region size 1024K, 26 young (26624K), 1 survivors (1024K)
 Metaspace       used 81332K, committed 81856K, reserved 1179648K
  class space    used 10088K, committed 10368K, reserved 1048576K
}
Event: 21564.733 GC heap after
{Heap after GC invocations=157 (full 0):
 garbage-first heap   total 64512K, used 29135K [0x0000000084000000, 0x0000000100000000)
  region size 1024K, 1 young (1024K), 1 survivors (1024K)
 Metaspace       used 81332K, committed 81856K, reserved 1179648K
  class space    used 10088K, committed 10368K, reserved 1048576K
}
Event: 21567.935 GC heap before
{Heap before GC invocations=158 (full 0):
 garbage-first heap   total 64512K, used 54735K [0x0000000084000000, 0x0000000100000000)
  region size 1024K, 26 young (26624K), 1 survivors (1024K)
 Metaspace       used 81332K, committed 81856K, reserved 1179648K
  class space    used 10088K, committed 10368K, reserved 1048576K
}
Event: 21567.937 GC heap after
{Heap after GC invocations=159 (full 0):
 garbage-first heap   total 64512K, used 29242K [0x0000000084000000, 0x0000000100000000)
  region size 1024K, 1 young (1024K), 1 survivors (1024K)
 Metaspace       used 81332K, committed 81856K, reserved 1179648K
  class space    used 10088K, committed 10368K, reserved 1048576K
}
Event: 21570.988 GC heap before
{Heap before GC invocations=159 (full 0):
 garbage-first heap   total 64512K, used 53818K [0x0000000084000000, 0x0000000100000000)
  region size 1024K, 26 young (26624K), 1 survivors (1024K)
 Metaspace       used 81333K, committed 81856K, reserved 1179648K
  class space    used 10088K, committed 10368K, reserved 1048576K
}
Event: 21570.990 GC heap after
{Heap after GC invocations=160 (full 0):
 garbage-first heap   total 64512K, used 29213K [0x0000000084000000, 0x0000000100000000)
  region size 1024K, 1 young (1024K), 1 survivors (1024K)
 Metaspace       used 81333K, committed 81856K, reserved 1179648K
  class space    used 10088K, committed 10368K, reserved 1048576K
}
Event: 21573.813 GC heap before
{Heap before GC invocations=161 (full 0):
 garbage-first heap   total 64512K, used 53789K [0x0000000084000000, 0x0000000100000000)
  region size 1024K, 26 young (26624K), 1 survivors (1024K)
 Metaspace       used 81338K, committed 81920K, reserved 1179648K
  class space    used 10089K, committed 10368K, reserved 1048576K
}
Event: 21573.815 GC heap after
{Heap after GC invocations=162 (full 0):
 garbage-first heap   total 64512K, used 29150K [0x0000000084000000, 0x0000000100000000)
  region size 1024K, 1 young (1024K), 1 survivors (1024K)
 Metaspace       used 81338K, committed 81920K, reserved 1179648K
  class space    used 10089K, committed 10368K, reserved 1048576K
}
Event: 21576.319 GC heap before
{Heap before GC invocations=162 (full 0):
 garbage-first heap   total 64512K, used 53726K [0x0000000084000000, 0x0000000100000000)
  region size 1024K, 26 young (26624K), 1 survivors (1024K)
 Metaspace       used 81339K, committed 81920K, reserved 1179648K
  class space    used 10089K, committed 10368K, reserved 1048576K
}
Event: 21576.321 GC heap after
{Heap after GC invocations=163 (full 0):
 garbage-first heap   total 64512K, used 29234K [0x0000000084000000, 0x0000000100000000)
  region size 1024K, 1 young (1024K), 1 survivors (1024K)
 Metaspace       used 81339K, committed 81920K, reserved 1179648K
  class space    used 10089K, committed 10368K, reserved 1048576K
}
Event: 21578.789 GC heap before
{Heap before GC invocations=164 (full 0):
 garbage-first heap   total 64512K, used 53810K [0x0000000084000000, 0x0000000100000000)
  region size 1024K, 26 young (26624K), 1 survivors (1024K)
 Metaspace       used 81339K, committed 81920K, reserved 1179648K
  class space    used 10089K, committed 10368K, reserved 1048576K
}
Event: 21578.791 GC heap after
{Heap after GC invocations=165 (full 0):
 garbage-first heap   total 64512K, used 29236K [0x0000000084000000, 0x0000000100000000)
  region size 1024K, 1 young (1024K), 1 survivors (1024K)
 Metaspace       used 81339K, committed 81920K, reserved 1179648K
  class space    used 10089K, committed 10368K, reserved 1048576K
}
Event: 21581.188 GC heap before
{Heap before GC invocations=165 (full 0):
 garbage-first heap   total 64512K, used 54836K [0x0000000084000000, 0x0000000100000000)
  region size 1024K, 26 young (26624K), 1 survivors (1024K)
 Metaspace       used 81339K, committed 81920K, reserved 1179648K
  class space    used 10089K, committed 10368K, reserved 1048576K
}
Event: 21581.189 GC heap after
{Heap after GC invocations=166 (full 0):
 garbage-first heap   total 64512K, used 29130K [0x0000000084000000, 0x0000000100000000)
  region size 1024K, 1 young (1024K), 1 survivors (1024K)
 Metaspace       used 81339K, committed 81920K, reserved 1179648K
  class space    used 10089K, committed 10368K, reserved 1048576K
}
Event: 21583.094 GC heap before
{Heap before GC invocations=167 (full 0):
 garbage-first heap   total 64512K, used 53706K [0x0000000084000000, 0x0000000100000000)
  region size 1024K, 26 young (26624K), 1 survivors (1024K)
 Metaspace       used 81339K, committed 81920K, reserved 1179648K
  class space    used 10089K, committed 10368K, reserved 1048576K
}
Event: 21583.096 GC heap after
{Heap after GC invocations=168 (full 0):
 garbage-first heap   total 64512K, used 29153K [0x0000000084000000, 0x0000000100000000)
  region size 1024K, 1 young (1024K), 1 survivors (1024K)
 Metaspace       used 81339K, committed 81920K, reserved 1179648K
  class space    used 10089K, committed 10368K, reserved 1048576K
}
Event: 21585.160 GC heap before
{Heap before GC invocations=168 (full 0):
 garbage-first heap   total 64512K, used 53729K [0x0000000084000000, 0x0000000100000000)
  region size 1024K, 26 young (26624K), 1 survivors (1024K)
 Metaspace       used 81348K, committed 81920K, reserved 1179648K
  class space    used 10091K, committed 10368K, reserved 1048576K
}
Event: 21585.162 GC heap after
{Heap after GC invocations=169 (full 0):
 garbage-first heap   total 64512K, used 29193K [0x0000000084000000, 0x0000000100000000)
  region size 1024K, 1 young (1024K), 1 survivors (1024K)
 Metaspace       used 81348K, committed 81920K, reserved 1179648K
  class space    used 10091K, committed 10368K, reserved 1048576K
}
Event: 21587.745 GC heap before
{Heap before GC invocations=170 (full 0):
 garbage-first heap   total 64512K, used 54793K [0x0000000084000000, 0x0000000100000000)
  region size 1024K, 26 young (26624K), 1 survivors (1024K)
 Metaspace       used 81348K, committed 81920K, reserved 1179648K
  class space    used 10091K, committed 10368K, reserved 1048576K
}
Event: 21587.746 GC heap after
{Heap after GC invocations=171 (full 0):
 garbage-first heap   total 64512K, used 29141K [0x0000000084000000, 0x0000000100000000)
  region size 1024K, 1 young (1024K), 1 survivors (1024K)
 Metaspace       used 81348K, committed 81920K, reserved 1179648K
  class space    used 10091K, committed 10368K, reserved 1048576K
}

